0 info it worked if it ends with ok
1 verbose cli [ 'C:\\Program Files (x86)\\Nodist\\v\\nodev4.0.0\\node.exe',
1 verbose cli   'C:\\Program Files (x86)\\Nodist\\bin\\node_modules\\npm\\bin\\npm-cli.js',
1 verbose cli   'install',
1 verbose cli   '-g',
1 verbose cli   'n' ]
2 info using npm@3.5.2
3 info using node@v4.0.0
4 silly loadCurrentTree Starting
5 silly install loadCurrentTree
6 silly install readGlobalPackageData
7 silly fetchPackageMetaData n
8 silly fetchNamedPackageData n
9 silly mapToRegistry name n
10 silly mapToRegistry using default registry
11 silly mapToRegistry registry https://registry.npmjs.org/
12 silly mapToRegistry uri https://registry.npmjs.org/n
13 verbose request uri https://registry.npmjs.org/n
14 verbose request no auth needed
15 info attempt registry request try #1 at 9:45:02 PM
16 verbose request id 3408b8c3efc9cefb
17 http request GET https://registry.npmjs.org/n
18 http 200 https://registry.npmjs.org/n
19 verbose headers { server: 'CouchDB/1.6.1 (Erlang OTP/R16B03)',
19 verbose headers   etag: '"1E8LYOB7G246S8XZVZCB1V2P8"',
19 verbose headers   'content-type': 'application/json',
19 verbose headers   'content-encoding': 'gzip',
19 verbose headers   'cache-control': 'max-age=300',
19 verbose headers   'content-length': '11237',
19 verbose headers   'accept-ranges': 'bytes',
19 verbose headers   date: 'Thu, 30 Jun 2016 04:45:03 GMT',
19 verbose headers   via: '1.1 varnish',
19 verbose headers   age: '257',
19 verbose headers   connection: 'keep-alive',
19 verbose headers   'x-served-by': 'cache-lax1438-LAX',
19 verbose headers   'x-cache': 'HIT',
19 verbose headers   'x-cache-hits': '1',
19 verbose headers   'x-timer': 'S1467261903.022659,VS0,VE0',
19 verbose headers   vary: 'Accept-Encoding' }
20 silly get cb [ 200,
20 silly get   { server: 'CouchDB/1.6.1 (Erlang OTP/R16B03)',
20 silly get     etag: '"1E8LYOB7G246S8XZVZCB1V2P8"',
20 silly get     'content-type': 'application/json',
20 silly get     'content-encoding': 'gzip',
20 silly get     'cache-control': 'max-age=300',
20 silly get     'content-length': '11237',
20 silly get     'accept-ranges': 'bytes',
20 silly get     date: 'Thu, 30 Jun 2016 04:45:03 GMT',
20 silly get     via: '1.1 varnish',
20 silly get     age: '257',
20 silly get     connection: 'keep-alive',
20 silly get     'x-served-by': 'cache-lax1438-LAX',
20 silly get     'x-cache': 'HIT',
20 silly get     'x-cache-hits': '1',
20 silly get     'x-timer': 'S1467261903.022659,VS0,VE0',
20 silly get     vary: 'Accept-Encoding' } ]
21 verbose get saving n to C:\Users\Design Manager\AppData\Roaming\npm-cache\registry.npmjs.org\n\.cache.json
22 verbose makeDirectory C:\Users\Design Manager\AppData\Roaming\npm-cache creation not in flight; initializing
23 verbose makeCacheDir UID & GID are irrelevant on win32
24 silly install normalizeTree
25 silly loadCurrentTree Finishing
26 silly loadIdealTree Starting
27 silly install loadIdealTree
28 silly cloneCurrentTree Starting
29 silly install cloneCurrentTreeToIdealTree
30 silly cloneCurrentTree Finishing
31 silly loadShrinkwrap Starting
32 silly install loadShrinkwrap
33 silly loadShrinkwrap Finishing
34 silly loadAllDepsIntoIdealTree Starting
35 silly install loadAllDepsIntoIdealTree
36 silly rollbackFailedOptional Starting
37 silly rollbackFailedOptional Finishing
38 silly runTopLevelLifecycles Starting
39 silly runTopLevelLifecycles Finishing
40 silly install printInstalled
41 verbose stack Error: Unsupported
41 verbose stack     at checkPlatform (C:\Program Files (x86)\Nodist\bin\node_modules\npm\node_modules\npm-install-checks\index.js:46:14)
41 verbose stack     at Array.<anonymous> (C:\Program Files (x86)\Nodist\bin\node_modules\npm\node_modules\slide\lib\bind-actor.js:15:8)
41 verbose stack     at LOOP (C:\Program Files (x86)\Nodist\bin\node_modules\npm\node_modules\slide\lib\chain.js:15:14)
41 verbose stack     at C:\Program Files (x86)\Nodist\bin\node_modules\npm\node_modules\slide\lib\chain.js:18:7
41 verbose stack     at checkEngine (C:\Program Files (x86)\Nodist\bin\node_modules\npm\node_modules\npm-install-checks\index.js:25:10)
41 verbose stack     at Array.<anonymous> (C:\Program Files (x86)\Nodist\bin\node_modules\npm\node_modules\slide\lib\bind-actor.js:15:8)
41 verbose stack     at LOOP (C:\Program Files (x86)\Nodist\bin\node_modules\npm\node_modules\slide\lib\chain.js:15:14)
41 verbose stack     at chain (C:\Program Files (x86)\Nodist\bin\node_modules\npm\node_modules\slide\lib\chain.js:20:5)
41 verbose stack     at module.exports.isInstallable (C:\Program Files (x86)\Nodist\bin\node_modules\npm\lib\install\validate-args.js:26:3)
41 verbose stack     at Array.<anonymous> (C:\Program Files (x86)\Nodist\bin\node_modules\npm\node_modules\slide\lib\bind-actor.js:15:8)
42 verbose pkgid n@2.1.1
43 verbose cwd C:\Users\Design Manager\Documents\Personal\almost-everything
44 error Windows_NT 10.0.10586
45 error argv "C:\\Program Files (x86)\\Nodist\\v\\nodev4.0.0\\node.exe" "C:\\Program Files (x86)\\Nodist\\bin\\node_modules\\npm\\bin\\npm-cli.js" "install" "-g" "n"
46 error node v4.0.0
47 error npm  v3.5.2
48 error code EBADPLATFORM
49 error notsup Not compatible with your operating system or architecture: n@2.1.1
50 error notsup Valid OS:    !win32
50 error notsup Valid Arch:  any
50 error notsup Actual OS:   win32
50 error notsup Actual Arch: ia32
51 verbose exit [ 1, true ]
